Using pre-set license
Built from '2020.3/release' branch; Version is '2020.3.1f1 (77a89f25062f) revision 7841951'; Using compiler version '192528614'; Build Type 'Release'
OS: 'Windows 10 Enterprise; OS build 19042.1466; Version 2009; 64bit' Language: 'en' Physical Memory: 8053 MB
BatchMode: 1, IsHumanControllingUs: 0, StartBugReporterOnCrash: 0, Is64bit: 1, IsPro: 0

 COMMAND LINE ARGUMENTS:
D:\softs\Unity\Editor\2020.3.1f1\Editor\Unity.exe
-adb2
-batchMode
-noUpm
-name
AssetImportWorker1
-projectPath
D:/projects/unity projects/Eve
-logFile
Logs/AssetImportWorker1.log
-srvPort
49685
Successfully changed project path to: D:/projects/unity projects/Eve
D:/projects/unity projects/Eve
Using Asset Import Pipeline V2.
Refreshing native plugins compatible for Editor in 86.47 ms, found 1 plugins.
Preloading 0 native plugins for Editor in 0.00 ms.
Initialize engine version: 2020.3.1f1 (77a89f25062f)
[Subsystems] Discovering subsystems at path D:/softs/Unity/Editor/2020.3.1f1/Editor/Data/Resources/UnitySubsystems
[Subsystems] Discovering subsystems at path D:/projects/unity projects/Eve/Assets
GfxDevice: creating device client; threaded=0
Direct3D:
    Version:  Direct3D 11.0 [level 11.0]
    Renderer: NVIDIA GeForce 940M (ID=0x1347)
    Vendor:   
    VRAM:     2010 MB
    Driver:   26.21.14.4614
Shader 'Universal Render Pipeline/Particles/Lit': fallback shader 'Universal Render Pipeline/Particles/SimpleLit' not found
Initialize mono
Mono path[0] = 'D:/softs/Unity/Editor/2020.3.1f1/Editor/Data/Managed'
Mono path[1] = 'D:/softs/Unity/Editor/2020.3.1f1/Editor/Data/MonoBleedingEdge/lib/mono/unityjit'
Mono config path = 'D:/softs/Unity/Editor/2020.3.1f1/Editor/Data/MonoBleedingEdge/etc'
Using monoOptions --debugger-agent=transport=dt_socket,embedding=1,server=y,suspend=n,address=127.0.0.1:56080
Begin MonoManager ReloadAssembly
Registering precompiled unity dll's ...
Register platform support module: D:/softs/Unity/Editor/2020.3.1f1/Editor/Data/PlaybackEngines/WindowsStandaloneSupport/UnityEditor.WindowsStandalone.Extensions.dll
Registered in 0.001647 seconds.
Native extension for WindowsStandalone target not found
Refreshing native plugins compatible for Editor in 91.42 ms, found 1 plugins.
Preloading 0 native plugins for Editor in 0.00 ms.
Invoked RoslynAnalysisRunner static constructor.
RoslynAnalysisRunner will not be running.
RoslynAnalysisRunner has terminated.
Mono: successfully reloaded assembly
- Completed reload, in 10.509 seconds
Platform modules already initialized, skipping
Registering precompiled user dll's ...
Registered in 0.002509 seconds.
Begin MonoManager ReloadAssembly
Native extension for WindowsStandalone target not found
Refreshing native plugins compatible for Editor in 84.39 ms, found 1 plugins.
Preloading 0 native plugins for Editor in 0.00 ms.
Invoked RoslynAnalysisRunner static constructor.
RoslynAnalysisRunner will not be running.
RoslynAnalysisRunner has terminated.
Mono: successfully reloaded assembly
- Completed reload, in  1.522 seconds
Platform modules already initialized, skipping
========================================================================
Worker process is ready to serve import requests
Shader 'Universal Render Pipeline/Particles/Lit': fallback shader 'Universal Render Pipeline/Particles/SimpleLit' not found
Launched and connected shader compiler UnityShaderCompiler.exe after 0.25 seconds
Refreshing native plugins compatible for Editor in 1.09 ms, found 1 plugins.
Preloading 0 native plugins for Editor in 0.00 ms.
Unloading 2979 Unused Serialized files (Serialized files now loaded: 0)
System memory in use before: 131.8 MB.
System memory in use after: 132.0 MB.

Unloading 20 unused Assets to reduce memory usage. Loaded Objects now: 3428.
Total: 3.233900 ms (FindLiveObjects: 0.401600 ms CreateObjectMapping: 0.295400 ms MarkObjects: 2.409600 ms  DeleteObjects: 0.124900 ms)

========================================================================
Received Import Request.
  path: Assets/Materials/Main Camera.prefab
  artifactKey: Guid(71e30b25403858c4fb4d9b6afb7e6caa) Importer(815301076,1909f56bfc062723c751e8b465ee728b)
Start importing Assets/Materials/Main Camera.prefab using Guid(71e30b25403858c4fb4d9b6afb7e6caa) Importer(815301076,1909f56bfc062723c751e8b465ee728b)  -> (artifact id: 'b57e1044efda32ec5c8b5ab415ec9145') in 0.178752 seconds
  Import took 0.188256 seconds .

========================================================================
Received Import Request.
  Time since last request: 26.153711 seconds.
  path: Assets/Scenes/GraveScene.unity
  artifactKey: Guid(5684d98f8daef874fb71cf129f176cfd) Importer(815301076,1909f56bfc062723c751e8b465ee728b)
Start importing Assets/Scenes/GraveScene.unity using Guid(5684d98f8daef874fb71cf129f176cfd) Importer(815301076,1909f56bfc062723c751e8b465ee728b)  -> (artifact id: '520006fac01347ad5595881110489fac') in 0.018649 seconds
  Import took 0.030060 seconds .

========================================================================
Received Import Request.
  Time since last request: 13.252964 seconds.
  path: Assets/Scenes/ArtTest.unity
  artifactKey: Guid(896bb5fd85173bd4891f01b7b614bec5) Importer(815301076,1909f56bfc062723c751e8b465ee728b)
Start importing Assets/Scenes/ArtTest.unity using Guid(896bb5fd85173bd4891f01b7b614bec5) Importer(815301076,1909f56bfc062723c751e8b465ee728b)  -> (artifact id: '094e2df6752f7c5e096b2c516480a45b') in 0.014408 seconds
  Import took 0.060446 seconds .

========================================================================
Received Import Request.
  Time since last request: 3.234588 seconds.
  path: Assets/Scenes/Main Camera.prefab
  artifactKey: Guid(a4614a00924d6c04ea203e0c99eff2ec) Importer(815301076,1909f56bfc062723c751e8b465ee728b)
Start importing Assets/Scenes/Main Camera.prefab using Guid(a4614a00924d6c04ea203e0c99eff2ec) Importer(815301076,1909f56bfc062723c751e8b465ee728b)  -> (artifact id: '3339cf60344a1cfc643c62f82135aa88') in 0.007441 seconds
  Import took 0.030582 seconds .

========================================================================
Received Import Request.
  Time since last request: 306.293431 seconds.
  path: Assets/Scenes/GraveScene.unity
  artifactKey: Guid(5684d98f8daef874fb71cf129f176cfd) Importer(815301076,1909f56bfc062723c751e8b465ee728b)
Start importing Assets/Scenes/GraveScene.unity using Guid(5684d98f8daef874fb71cf129f176cfd) Importer(815301076,1909f56bfc062723c751e8b465ee728b)  -> (artifact id: '40c16bcbff4d7d9922a53791253ac40a') in 0.010915 seconds
  Import took 0.020937 seconds .

========================================================================
Received Import Request.
  Time since last request: 612.207006 seconds.
  path: Assets/Animations/GraveIntro.anim
  artifactKey: Guid(a7243a3d24405ed4dabefb6ac0a5a230) Importer(815301076,1909f56bfc062723c751e8b465ee728b)
Start importing Assets/Animations/GraveIntro.anim using Guid(a7243a3d24405ed4dabefb6ac0a5a230) Importer(815301076,1909f56bfc062723c751e8b465ee728b)  -> (artifact id: 'ead16c045efdc6ca67f61b509bf873e8') in 0.035575 seconds
  Import took 0.060220 seconds .

========================================================================
Received Prepare
Registering precompiled user dll's ...
Registered in 0.002184 seconds.
Begin MonoManager ReloadAssembly
Native extension for WindowsStandalone target not found
Refreshing native plugins compatible for Editor in 0.64 ms, found 1 plugins.
Preloading 0 native plugins for Editor in 0.00 ms.
Invoked RoslynAnalysisRunner static constructor.
RoslynAnalysisRunner will not be running.
RoslynAnalysisRunner has terminated.
Mono: successfully reloaded assembly
- Completed reload, in  1.798 seconds
Platform modules already initialized, skipping
Shader 'Universal Render Pipeline/Particles/Lit': fallback shader 'Universal Render Pipeline/Particles/SimpleLit' not found
Refreshing native plugins compatible for Editor in 1.00 ms, found 1 plugins.
Preloading 0 native plugins for Editor in 0.00 ms.
Unloading 2845 Unused Serialized files (Serialized files now loaded: 0)
System memory in use before: 124.0 MB.
System memory in use after: 124.2 MB.

Unloading 8 unused Assets to reduce memory usage. Loaded Objects now: 3432.
Total: 13.347500 ms (FindLiveObjects: 2.022100 ms CreateObjectMapping: 0.835700 ms MarkObjects: 10.403000 ms  DeleteObjects: 0.081700 ms)

========================================================================
Received Prepare
Registering precompiled user dll's ...
Registered in 0.003150 seconds.
Begin MonoManager ReloadAssembly
Native extension for WindowsStandalone target not found
Refreshing native plugins compatible for Editor in 0.59 ms, found 1 plugins.
Preloading 0 native plugins for Editor in 0.00 ms.
Invoked RoslynAnalysisRunner static constructor.
RoslynAnalysisRunner will not be running.
RoslynAnalysisRunner has terminated.
Mono: successfully reloaded assembly
- Completed reload, in  1.755 seconds
Platform modules already initialized, skipping
Shader 'Universal Render Pipeline/Particles/Lit': fallback shader 'Universal Render Pipeline/Particles/SimpleLit' not found
Refreshing native plugins compatible for Editor in 0.99 ms, found 1 plugins.
Preloading 0 native plugins for Editor in 0.00 ms.
Unloading 2846 Unused Serialized files (Serialized files now loaded: 0)
System memory in use before: 124.1 MB.
System memory in use after: 124.3 MB.

Unloading 8 unused Assets to reduce memory usage. Loaded Objects now: 3437.
Total: 4.594400 ms (FindLiveObjects: 0.399600 ms CreateObjectMapping: 0.206400 ms MarkObjects: 3.956300 ms  DeleteObjects: 0.030400 ms)

========================================================================
Received Prepare
Registering precompiled user dll's ...
Registered in 0.003250 seconds.
Begin MonoManager ReloadAssembly
Native extension for WindowsStandalone target not found
Refreshing native plugins compatible for Editor in 0.87 ms, found 1 plugins.
Preloading 0 native plugins for Editor in 0.00 ms.
Invoked RoslynAnalysisRunner static constructor.
RoslynAnalysisRunner will not be running.
RoslynAnalysisRunner has terminated.
Mono: successfully reloaded assembly
- Completed reload, in  1.527 seconds
Platform modules already initialized, skipping
Shader 'Universal Render Pipeline/Particles/Lit': fallback shader 'Universal Render Pipeline/Particles/SimpleLit' not found
Refreshing native plugins compatible for Editor in 1.01 ms, found 1 plugins.
Preloading 0 native plugins for Editor in 0.00 ms.
Unloading 2846 Unused Serialized files (Serialized files now loaded: 0)
System memory in use before: 124.1 MB.
System memory in use after: 124.3 MB.

Unloading 8 unused Assets to reduce memory usage. Loaded Objects now: 3441.
Total: 6.160300 ms (FindLiveObjects: 0.678900 ms CreateObjectMapping: 0.666200 ms MarkObjects: 4.778700 ms  DeleteObjects: 0.033800 ms)

========================================================================
Received Prepare
Registering precompiled user dll's ...
Registered in 0.003544 seconds.
Begin MonoManager ReloadAssembly
Native extension for WindowsStandalone target not found
Refreshing native plugins compatible for Editor in 0.60 ms, found 1 plugins.
Preloading 0 native plugins for Editor in 0.00 ms.
Invoked RoslynAnalysisRunner static constructor.
RoslynAnalysisRunner will not be running.
RoslynAnalysisRunner has terminated.
Mono: successfully reloaded assembly
- Completed reload, in  1.508 seconds
Platform modules already initialized, skipping
Shader 'Universal Render Pipeline/Particles/Lit': fallback shader 'Universal Render Pipeline/Particles/SimpleLit' not found
Refreshing native plugins compatible for Editor in 0.87 ms, found 1 plugins.
Preloading 0 native plugins for Editor in 0.00 ms.
Unloading 2846 Unused Serialized files (Serialized files now loaded: 0)
System memory in use before: 124.1 MB.
System memory in use after: 124.3 MB.

Unloading 8 unused Assets to reduce memory usage. Loaded Objects now: 3445.
Total: 4.430200 ms (FindLiveObjects: 0.524400 ms CreateObjectMapping: 0.264700 ms MarkObjects: 3.601800 ms  DeleteObjects: 0.037300 ms)

========================================================================
Received Import Request.
  Time since last request: 481.049398 seconds.
  path: Assets/Animations/GraveScene.controller
  artifactKey: Guid(db0deb7eccea007428b0048df1a1eb8c) Importer(815301076,1909f56bfc062723c751e8b465ee728b)
Start importing Assets/Animations/GraveScene.controller using Guid(db0deb7eccea007428b0048df1a1eb8c) Importer(815301076,1909f56bfc062723c751e8b465ee728b)  -> (artifact id: '85714a85559baa86b86532665f61d546') in 0.046080 seconds
  Import took 0.055833 seconds .

========================================================================
Received Prepare
Registering precompiled user dll's ...
Registered in 0.004245 seconds.
Begin MonoManager ReloadAssembly
Native extension for WindowsStandalone target not found
Refreshing native plugins compatible for Editor in 0.73 ms, found 1 plugins.
Preloading 0 native plugins for Editor in 0.00 ms.
Invoked RoslynAnalysisRunner static constructor.
RoslynAnalysisRunner will not be running.
RoslynAnalysisRunner has terminated.
Mono: successfully reloaded assembly
- Completed reload, in  1.543 seconds
Platform modules already initialized, skipping
Shader 'Universal Render Pipeline/Particles/Lit': fallback shader 'Universal Render Pipeline/Particles/SimpleLit' not found
Refreshing native plugins compatible for Editor in 1.00 ms, found 1 plugins.
Preloading 0 native plugins for Editor in 0.00 ms.
Unloading 2846 Unused Serialized files (Serialized files now loaded: 0)
System memory in use before: 124.1 MB.
System memory in use after: 124.4 MB.

Unloading 8 unused Assets to reduce memory usage. Loaded Objects now: 3449.
Total: 4.545500 ms (FindLiveObjects: 0.593200 ms CreateObjectMapping: 0.305500 ms MarkObjects: 3.611800 ms  DeleteObjects: 0.032800 ms)

========================================================================
Received Prepare
Registering precompiled user dll's ...
Registered in 0.002575 seconds.
Begin MonoManager ReloadAssembly
Native extension for WindowsStandalone target not found
Refreshing native plugins compatible for Editor in 0.63 ms, found 1 plugins.
Preloading 0 native plugins for Editor in 0.00 ms.
Invoked RoslynAnalysisRunner static constructor.
RoslynAnalysisRunner will not be running.
RoslynAnalysisRunner has terminated.
Mono: successfully reloaded assembly
- Completed reload, in  1.536 seconds
Platform modules already initialized, skipping
Shader 'Universal Render Pipeline/Particles/Lit': fallback shader 'Universal Render Pipeline/Particles/SimpleLit' not found
Refreshing native plugins compatible for Editor in 1.03 ms, found 1 plugins.
Preloading 0 native plugins for Editor in 0.00 ms.
Unloading 2846 Unused Serialized files (Serialized files now loaded: 0)
System memory in use before: 124.2 MB.
System memory in use after: 124.4 MB.

Unloading 8 unused Assets to reduce memory usage. Loaded Objects now: 3453.
Total: 3.665500 ms (FindLiveObjects: 0.408100 ms CreateObjectMapping: 0.232900 ms MarkObjects: 2.995900 ms  DeleteObjects: 0.026500 ms)

========================================================================
Received Prepare
Registering precompiled user dll's ...
Registered in 0.003190 seconds.
Begin MonoManager ReloadAssembly
Native extension for WindowsStandalone target not found
Refreshing native plugins compatible for Editor in 1.27 ms, found 1 plugins.
Preloading 0 native plugins for Editor in 0.00 ms.
Invoked RoslynAnalysisRunner static constructor.
RoslynAnalysisRunner will not be running.
RoslynAnalysisRunner has terminated.
Mono: successfully reloaded assembly
- Completed reload, in  1.570 seconds
Platform modules already initialized, skipping
Shader 'Universal Render Pipeline/Particles/Lit': fallback shader 'Universal Render Pipeline/Particles/SimpleLit' not found
Refreshing native plugins compatible for Editor in 1.00 ms, found 1 plugins.
Preloading 0 native plugins for Editor in 0.00 ms.
Unloading 2846 Unused Serialized files (Serialized files now loaded: 0)
System memory in use before: 124.2 MB.
System memory in use after: 124.4 MB.

Unloading 8 unused Assets to reduce memory usage. Loaded Objects now: 3457.
Total: 3.399100 ms (FindLiveObjects: 0.398400 ms CreateObjectMapping: 0.231700 ms MarkObjects: 2.733800 ms  DeleteObjects: 0.033100 ms)

========================================================================
Received Prepare
Registering precompiled user dll's ...
Registered in 0.002250 seconds.
Begin MonoManager ReloadAssembly
Native extension for WindowsStandalone target not found
Refreshing native plugins compatible for Editor in 0.63 ms, found 1 plugins.
Preloading 0 native plugins for Editor in 0.00 ms.
Invoked RoslynAnalysisRunner static constructor.
RoslynAnalysisRunner will not be running.
RoslynAnalysisRunner has terminated.
Mono: successfully reloaded assembly
- Completed reload, in  1.596 seconds
Platform modules already initialized, skipping
Shader 'Universal Render Pipeline/Particles/Lit': fallback shader 'Universal Render Pipeline/Particles/SimpleLit' not found
Refreshing native plugins compatible for Editor in 1.08 ms, found 1 plugins.
Preloading 0 native plugins for Editor in 0.00 ms.
Unloading 2846 Unused Serialized files (Serialized files now loaded: 0)
System memory in use before: 124.2 MB.
System memory in use after: 124.4 MB.

Unloading 8 unused Assets to reduce memory usage. Loaded Objects now: 3461.
Total: 4.663700 ms (FindLiveObjects: 0.557600 ms CreateObjectMapping: 0.344100 ms MarkObjects: 3.725700 ms  DeleteObjects: 0.034400 ms)

========================================================================
Received Prepare
Registering precompiled user dll's ...
Registered in 0.002230 seconds.
Begin MonoManager ReloadAssembly
Native extension for WindowsStandalone target not found
Refreshing native plugins compatible for Editor in 0.64 ms, found 1 plugins.
Preloading 0 native plugins for Editor in 0.00 ms.
Invoked RoslynAnalysisRunner static constructor.
RoslynAnalysisRunner will not be running.
RoslynAnalysisRunner has terminated.
Mono: successfully reloaded assembly
- Completed reload, in  1.513 seconds
Platform modules already initialized, skipping
Shader 'Universal Render Pipeline/Particles/Lit': fallback shader 'Universal Render Pipeline/Particles/SimpleLit' not found
Refreshing native plugins compatible for Editor in 1.21 ms, found 1 plugins.
Preloading 0 native plugins for Editor in 0.00 ms.
Unloading 2846 Unused Serialized files (Serialized files now loaded: 0)
System memory in use before: 124.2 MB.
System memory in use after: 124.4 MB.

Unloading 8 unused Assets to reduce memory usage. Loaded Objects now: 3465.
Total: 4.745600 ms (FindLiveObjects: 0.827000 ms CreateObjectMapping: 0.347900 ms MarkObjects: 3.511700 ms  DeleteObjects: 0.057000 ms)

========================================================================
Received Prepare
Registering precompiled user dll's ...
Registered in 0.002665 seconds.
Begin MonoManager ReloadAssembly
Native extension for WindowsStandalone target not found
Refreshing native plugins compatible for Editor in 1.02 ms, found 1 plugins.
Preloading 0 native plugins for Editor in 0.00 ms.
Invoked RoslynAnalysisRunner static constructor.
RoslynAnalysisRunner will not be running.
RoslynAnalysisRunner has terminated.
Mono: successfully reloaded assembly
- Completed reload, in  1.648 seconds
Platform modules already initialized, skipping
Shader 'Universal Render Pipeline/Particles/Lit': fallback shader 'Universal Render Pipeline/Particles/SimpleLit' not found
Refreshing native plugins compatible for Editor in 1.09 ms, found 1 plugins.
Preloading 0 native plugins for Editor in 0.00 ms.
Unloading 2846 Unused Serialized files (Serialized files now loaded: 0)
System memory in use before: 124.2 MB.
System memory in use after: 124.4 MB.

Unloading 8 unused Assets to reduce memory usage. Loaded Objects now: 3469.
Total: 6.469600 ms (FindLiveObjects: 0.622200 ms CreateObjectMapping: 0.307600 ms MarkObjects: 5.496300 ms  DeleteObjects: 0.041900 ms)

========================================================================
Received Prepare
Registering precompiled user dll's ...
Registered in 0.003211 seconds.
Begin MonoManager ReloadAssembly
Native extension for WindowsStandalone target not found
Refreshing native plugins compatible for Editor in 0.79 ms, found 1 plugins.
Preloading 0 native plugins for Editor in 0.00 ms.
Invoked RoslynAnalysisRunner static constructor.
RoslynAnalysisRunner will not be running.
RoslynAnalysisRunner has terminated.
Mono: successfully reloaded assembly
- Completed reload, in  1.542 seconds
Platform modules already initialized, skipping
Shader 'Universal Render Pipeline/Particles/Lit': fallback shader 'Universal Render Pipeline/Particles/SimpleLit' not found
Refreshing native plugins compatible for Editor in 0.90 ms, found 1 plugins.
Preloading 0 native plugins for Editor in 0.00 ms.
Unloading 2846 Unused Serialized files (Serialized files now loaded: 0)
System memory in use before: 124.2 MB.
System memory in use after: 124.4 MB.

Unloading 8 unused Assets to reduce memory usage. Loaded Objects now: 3473.
Total: 4.101200 ms (FindLiveObjects: 0.544400 ms CreateObjectMapping: 0.345000 ms MarkObjects: 3.186700 ms  DeleteObjects: 0.023400 ms)

========================================================================
Received Prepare
Registering precompiled user dll's ...
Registered in 0.002215 seconds.
Begin MonoManager ReloadAssembly
Native extension for WindowsStandalone target not found
Refreshing native plugins compatible for Editor in 0.65 ms, found 1 plugins.
Preloading 0 native plugins for Editor in 0.00 ms.
Invoked RoslynAnalysisRunner static constructor.
RoslynAnalysisRunner will not be running.
RoslynAnalysisRunner has terminated.
Mono: successfully reloaded assembly
- Completed reload, in  1.534 seconds
Platform modules already initialized, skipping
Shader 'Universal Render Pipeline/Particles/Lit': fallback shader 'Universal Render Pipeline/Particles/SimpleLit' not found
Refreshing native plugins compatible for Editor in 0.92 ms, found 1 plugins.
Preloading 0 native plugins for Editor in 0.00 ms.
Unloading 2846 Unused Serialized files (Serialized files now loaded: 0)
System memory in use before: 124.2 MB.
System memory in use after: 124.4 MB.

Unloading 8 unused Assets to reduce memory usage. Loaded Objects now: 3477.
Total: 4.888200 ms (FindLiveObjects: 0.560700 ms CreateObjectMapping: 0.323600 ms MarkObjects: 3.964600 ms  DeleteObjects: 0.037400 ms)

========================================================================
Received Prepare
Registering precompiled user dll's ...
Registered in 0.002423 seconds.
Begin MonoManager ReloadAssembly
Native extension for WindowsStandalone target not found
Refreshing native plugins compatible for Editor in 0.66 ms, found 1 plugins.
Preloading 0 native plugins for Editor in 0.00 ms.
Invoked RoslynAnalysisRunner static constructor.
RoslynAnalysisRunner will not be running.
RoslynAnalysisRunner has terminated.
Mono: successfully reloaded assembly
- Completed reload, in  1.534 seconds
Platform modules already initialized, skipping
Shader 'Universal Render Pipeline/Particles/Lit': fallback shader 'Universal Render Pipeline/Particles/SimpleLit' not found
Refreshing native plugins compatible for Editor in 0.96 ms, found 1 plugins.
Preloading 0 native plugins for Editor in 0.00 ms.
Unloading 2846 Unused Serialized files (Serialized files now loaded: 0)
System memory in use before: 124.2 MB.
System memory in use after: 124.4 MB.

Unloading 8 unused Assets to reduce memory usage. Loaded Objects now: 3481.
Total: 3.845400 ms (FindLiveObjects: 0.423400 ms CreateObjectMapping: 0.239100 ms MarkObjects: 3.151700 ms  DeleteObjects: 0.027100 ms)

========================================================================
Received Prepare
Registering precompiled user dll's ...
Registered in 0.002146 seconds.
Begin MonoManager ReloadAssembly
Native extension for WindowsStandalone target not found
Refreshing native plugins compatible for Editor in 0.71 ms, found 1 plugins.
Preloading 0 native plugins for Editor in 0.00 ms.
Invoked RoslynAnalysisRunner static constructor.
RoslynAnalysisRunner will not be running.
RoslynAnalysisRunner has terminated.
Mono: successfully reloaded assembly
- Completed reload, in  1.580 seconds
Platform modules already initialized, skipping
Shader 'Universal Render Pipeline/Particles/Lit': fallback shader 'Universal Render Pipeline/Particles/SimpleLit' not found
Refreshing native plugins compatible for Editor in 1.01 ms, found 1 plugins.
Preloading 0 native plugins for Editor in 0.00 ms.
Unloading 2846 Unused Serialized files (Serialized files now loaded: 0)
System memory in use before: 124.2 MB.
System memory in use after: 124.4 MB.

Unloading 8 unused Assets to reduce memory usage. Loaded Objects now: 3485.
Total: 4.728200 ms (FindLiveObjects: 0.628800 ms CreateObjectMapping: 0.239600 ms MarkObjects: 3.830200 ms  DeleteObjects: 0.025200 ms)

========================================================================
Received Prepare
Registering precompiled user dll's ...
Registered in 0.003530 seconds.
Begin MonoManager ReloadAssembly
Native extension for WindowsStandalone target not found
Refreshing native plugins compatible for Editor in 0.69 ms, found 1 plugins.
Preloading 0 native plugins for Editor in 0.00 ms.
Invoked RoslynAnalysisRunner static constructor.
RoslynAnalysisRunner will not be running.
RoslynAnalysisRunner has terminated.
Mono: successfully reloaded assembly
- Completed reload, in  1.362 seconds
Platform modules already initialized, skipping
Shader 'Universal Render Pipeline/Particles/Lit': fallback shader 'Universal Render Pipeline/Particles/SimpleLit' not found
Refreshing native plugins compatible for Editor in 1.37 ms, found 1 plugins.
Preloading 0 native plugins for Editor in 0.00 ms.
Unloading 2846 Unused Serialized files (Serialized files now loaded: 0)
System memory in use before: 124.2 MB.
System memory in use after: 124.5 MB.

Unloading 8 unused Assets to reduce memory usage. Loaded Objects now: 3489.
Total: 12.111900 ms (FindLiveObjects: 1.186500 ms CreateObjectMapping: 0.642300 ms MarkObjects: 10.251800 ms  DeleteObjects: 0.028700 ms)

========================================================================
Received Import Request.
  Time since last request: 728.805149 seconds.
  path: Assets/Animations/LevelsInOut/Denial_Scene.controller
  artifactKey: Guid(4cb29e49645989e42b80fdebce61f109) Importer(815301076,1909f56bfc062723c751e8b465ee728b)
Start importing Assets/Animations/LevelsInOut/Denial_Scene.controller using Guid(4cb29e49645989e42b80fdebce61f109) Importer(815301076,1909f56bfc062723c751e8b465ee728b)  -> (artifact id: '34642fb76ea47e7c4afde8fb3283468c') in 0.094793 seconds
  Import took 0.122387 seconds .

========================================================================
Received Prepare
Registering precompiled user dll's ...
Registered in 0.002164 seconds.
Begin MonoManager ReloadAssembly
Native extension for WindowsStandalone target not found
Refreshing native plugins compatible for Editor in 1.00 ms, found 1 plugins.
Preloading 0 native plugins for Editor in 0.00 ms.
Invoked RoslynAnalysisRunner static constructor.
RoslynAnalysisRunner will not be running.
RoslynAnalysisRunner has terminated.
Mono: successfully reloaded assembly
- Completed reload, in  1.506 seconds
Platform modules already initialized, skipping
Shader 'Universal Render Pipeline/Particles/Lit': fallback shader 'Universal Render Pipeline/Particles/SimpleLit' not found
Refreshing native plugins compatible for Editor in 1.19 ms, found 1 plugins.
Preloading 0 native plugins for Editor in 0.00 ms.
Unloading 2846 Unused Serialized files (Serialized files now loaded: 0)
System memory in use before: 124.2 MB.
System memory in use after: 124.5 MB.

Unloading 8 unused Assets to reduce memory usage. Loaded Objects now: 3493.
Total: 4.833300 ms (FindLiveObjects: 0.561900 ms CreateObjectMapping: 0.446500 ms MarkObjects: 3.783800 ms  DeleteObjects: 0.038900 ms)

========================================================================
Received Prepare
Registering precompiled user dll's ...
Registered in 0.002340 seconds.
Begin MonoManager ReloadAssembly
Native extension for WindowsStandalone target not found
Refreshing native plugins compatible for Editor in 0.64 ms, found 1 plugins.
Preloading 0 native plugins for Editor in 0.00 ms.
Invoked RoslynAnalysisRunner static constructor.
RoslynAnalysisRunner will not be running.
RoslynAnalysisRunner has terminated.
Mono: successfully reloaded assembly
- Completed reload, in  1.587 seconds
Platform modules already initialized, skipping
Shader 'Universal Render Pipeline/Particles/Lit': fallback shader 'Universal Render Pipeline/Particles/SimpleLit' not found
Refreshing native plugins compatible for Editor in 1.06 ms, found 1 plugins.
Preloading 0 native plugins for Editor in 0.00 ms.
Unloading 2846 Unused Serialized files (Serialized files now loaded: 0)
System memory in use before: 124.2 MB.
System memory in use after: 124.5 MB.

Unloading 8 unused Assets to reduce memory usage. Loaded Objects now: 3497.
Total: 4.859500 ms (FindLiveObjects: 0.563000 ms CreateObjectMapping: 0.302300 ms MarkObjects: 3.950600 ms  DeleteObjects: 0.041500 ms)

========================================================================
Received Prepare
Registering precompiled user dll's ...
Registered in 0.002197 seconds.
Begin MonoManager ReloadAssembly
Native extension for WindowsStandalone target not found
Refreshing native plugins compatible for Editor in 0.63 ms, found 1 plugins.
Preloading 0 native plugins for Editor in 0.00 ms.
Invoked RoslynAnalysisRunner static constructor.
RoslynAnalysisRunner will not be running.
RoslynAnalysisRunner has terminated.
Mono: successfully reloaded assembly
- Completed reload, in  1.533 seconds
Platform modules already initialized, skipping
Shader 'Universal Render Pipeline/Particles/Lit': fallback shader 'Universal Render Pipeline/Particles/SimpleLit' not found
Refreshing native plugins compatible for Editor in 1.04 ms, found 1 plugins.
Preloading 0 native plugins for Editor in 0.00 ms.
Unloading 2846 Unused Serialized files (Serialized files now loaded: 0)
System memory in use before: 124.3 MB.
System memory in use after: 124.5 MB.

Unloading 8 unused Assets to reduce memory usage. Loaded Objects now: 3501.
Total: 5.743200 ms (FindLiveObjects: 0.681000 ms CreateObjectMapping: 0.373500 ms MarkObjects: 4.649900 ms  DeleteObjects: 0.036800 ms)

========================================================================
Received Prepare
Registering precompiled user dll's ...
Registered in 0.003314 seconds.
Begin MonoManager ReloadAssembly
Native extension for WindowsStandalone target not found
Refreshing native plugins compatible for Editor in 0.61 ms, found 1 plugins.
Preloading 0 native plugins for Editor in 0.00 ms.
Invoked RoslynAnalysisRunner static constructor.
RoslynAnalysisRunner will not be running.
RoslynAnalysisRunner has terminated.
Mono: successfully reloaded assembly
- Completed reload, in  1.522 seconds
Platform modules already initialized, skipping
Shader 'Universal Render Pipeline/Particles/Lit': fallback shader 'Universal Render Pipeline/Particles/SimpleLit' not found
Refreshing native plugins compatible for Editor in 0.71 ms, found 1 plugins.
Preloading 0 native plugins for Editor in 0.00 ms.
Unloading 2846 Unused Serialized files (Serialized files now loaded: 0)
System memory in use before: 124.3 MB.
System memory in use after: 124.5 MB.

Unloading 8 unused Assets to reduce memory usage. Loaded Objects now: 3505.
Total: 7.874600 ms (FindLiveObjects: 2.067100 ms CreateObjectMapping: 0.834300 ms MarkObjects: 4.930400 ms  DeleteObjects: 0.039400 ms)

========================================================================
Received Prepare
Registering precompiled user dll's ...
Registered in 0.004178 seconds.
Begin MonoManager ReloadAssembly
Native extension for WindowsStandalone target not found
Refreshing native plugins compatible for Editor in 0.59 ms, found 1 plugins.
Preloading 0 native plugins for Editor in 0.00 ms.
Invoked RoslynAnalysisRunner static constructor.
RoslynAnalysisRunner will not be running.
RoslynAnalysisRunner has terminated.
Mono: successfully reloaded assembly
- Completed reload, in  1.284 seconds
Platform modules already initialized, skipping
Shader 'Universal Render Pipeline/Particles/Lit': fallback shader 'Universal Render Pipeline/Particles/SimpleLit' not found
Refreshing native plugins compatible for Editor in 0.68 ms, found 1 plugins.
Preloading 0 native plugins for Editor in 0.00 ms.
Unloading 2846 Unused Serialized files (Serialized files now loaded: 0)
System memory in use before: 124.3 MB.
System memory in use after: 124.5 MB.

Unloading 8 unused Assets to reduce memory usage. Loaded Objects now: 3509.
Total: 9.036500 ms (FindLiveObjects: 0.846800 ms CreateObjectMapping: 0.519800 ms MarkObjects: 7.585300 ms  DeleteObjects: 0.080100 ms)

========================================================================
Received Prepare
Registering precompiled user dll's ...
Registered in 0.002482 seconds.
Begin MonoManager ReloadAssembly
Native extension for WindowsStandalone target not found
Refreshing native plugins compatible for Editor in 1.03 ms, found 1 plugins.
Preloading 0 native plugins for Editor in 0.00 ms.
Invoked RoslynAnalysisRunner static constructor.
RoslynAnalysisRunner will not be running.
RoslynAnalysisRunner has terminated.
Mono: successfully reloaded assembly
- Completed reload, in  1.547 seconds
Platform modules already initialized, skipping
Shader 'Universal Render Pipeline/Particles/Lit': fallback shader 'Universal Render Pipeline/Particles/SimpleLit' not found
Refreshing native plugins compatible for Editor in 1.19 ms, found 1 plugins.
Preloading 0 native plugins for Editor in 0.00 ms.
Unloading 2846 Unused Serialized files (Serialized files now loaded: 0)
System memory in use before: 124.3 MB.
System memory in use after: 124.5 MB.

Unloading 8 unused Assets to reduce memory usage. Loaded Objects now: 3513.
Total: 5.006800 ms (FindLiveObjects: 0.560600 ms CreateObjectMapping: 0.292500 ms MarkObjects: 4.109800 ms  DeleteObjects: 0.040800 ms)

========================================================================
Received Prepare
Registering precompiled user dll's ...
Registered in 0.002143 seconds.
Begin MonoManager ReloadAssembly
Native extension for WindowsStandalone target not found
Refreshing native plugins compatible for Editor in 0.64 ms, found 1 plugins.
Preloading 0 native plugins for Editor in 0.00 ms.
Invoked RoslynAnalysisRunner static constructor.
RoslynAnalysisRunner will not be running.
RoslynAnalysisRunner has terminated.
Mono: successfully reloaded assembly
- Completed reload, in  1.611 seconds
Platform modules already initialized, skipping
Shader 'Universal Render Pipeline/Particles/Lit': fallback shader 'Universal Render Pipeline/Particles/SimpleLit' not found
Refreshing native plugins compatible for Editor in 1.25 ms, found 1 plugins.
Preloading 0 native plugins for Editor in 0.00 ms.
Unloading 2846 Unused Serialized files (Serialized files now loaded: 0)
System memory in use before: 124.3 MB.
System memory in use after: 124.5 MB.

Unloading 8 unused Assets to reduce memory usage. Loaded Objects now: 3517.
Total: 4.481200 ms (FindLiveObjects: 0.453500 ms CreateObjectMapping: 0.190800 ms MarkObjects: 3.795800 ms  DeleteObjects: 0.038300 ms)

========================================================================
Received Prepare
Registering precompiled user dll's ...
Registered in 0.002156 seconds.
Begin MonoManager ReloadAssembly
Native extension for WindowsStandalone target not found
Refreshing native plugins compatible for Editor in 1.06 ms, found 1 plugins.
Preloading 0 native plugins for Editor in 0.00 ms.
Invoked RoslynAnalysisRunner static constructor.
RoslynAnalysisRunner will not be running.
RoslynAnalysisRunner has terminated.
Mono: successfully reloaded assembly
- Completed reload, in  1.554 seconds
Platform modules already initialized, skipping
Shader 'Universal Render Pipeline/Particles/Lit': fallback shader 'Universal Render Pipeline/Particles/SimpleLit' not found
Refreshing native plugins compatible for Editor in 1.06 ms, found 1 plugins.
Preloading 0 native plugins for Editor in 0.00 ms.
Unloading 2846 Unused Serialized files (Serialized files now loaded: 0)
System memory in use before: 124.3 MB.
System memory in use after: 124.5 MB.

Unloading 8 unused Assets to reduce memory usage. Loaded Objects now: 3521.
Total: 4.984500 ms (FindLiveObjects: 0.602900 ms CreateObjectMapping: 0.323900 ms MarkObjects: 4.019400 ms  DeleteObjects: 0.036400 ms)

========================================================================
Received Prepare
Registering precompiled user dll's ...
Registered in 0.003329 seconds.
Begin MonoManager ReloadAssembly
Native extension for WindowsStandalone target not found
Refreshing native plugins compatible for Editor in 0.65 ms, found 1 plugins.
Preloading 0 native plugins for Editor in 0.00 ms.
Invoked RoslynAnalysisRunner static constructor.
RoslynAnalysisRunner will not be running.
RoslynAnalysisRunner has terminated.
Mono: successfully reloaded assembly
- Completed reload, in  1.443 seconds
Platform modules already initialized, skipping
Shader 'Universal Render Pipeline/Particles/Lit': fallback shader 'Universal Render Pipeline/Particles/SimpleLit' not found
Refreshing native plugins compatible for Editor in 0.74 ms, found 1 plugins.
Preloading 0 native plugins for Editor in 0.00 ms.
Unloading 2846 Unused Serialized files (Serialized files now loaded: 0)
System memory in use before: 124.3 MB.
System memory in use after: 124.5 MB.

Unloading 8 unused Assets to reduce memory usage. Loaded Objects now: 3525.
Total: 6.902300 ms (FindLiveObjects: 0.648600 ms CreateObjectMapping: 0.456900 ms MarkObjects: 5.752400 ms  DeleteObjects: 0.042000 ms)

========================================================================
Received Prepare
Registering precompiled user dll's ...
Registered in 0.002167 seconds.
Begin MonoManager ReloadAssembly
Native extension for WindowsStandalone target not found
Refreshing native plugins compatible for Editor in 0.80 ms, found 1 plugins.
Preloading 0 native plugins for Editor in 0.00 ms.
Invoked RoslynAnalysisRunner static constructor.
RoslynAnalysisRunner will not be running.
RoslynAnalysisRunner has terminated.
Mono: successfully reloaded assembly
- Completed reload, in  1.324 seconds
Platform modules already initialized, skipping
Shader 'Universal Render Pipeline/Particles/Lit': fallback shader 'Universal Render Pipeline/Particles/SimpleLit' not found
Refreshing native plugins compatible for Editor in 0.82 ms, found 1 plugins.
Preloading 0 native plugins for Editor in 0.00 ms.
Unloading 2846 Unused Serialized files (Serialized files now loaded: 0)
System memory in use before: 124.3 MB.
System memory in use after: 124.5 MB.

Unloading 8 unused Assets to reduce memory usage. Loaded Objects now: 3529.
Total: 12.655700 ms (FindLiveObjects: 3.133000 ms CreateObjectMapping: 0.615000 ms MarkObjects: 8.816100 ms  DeleteObjects: 0.086700 ms)

========================================================================
Received Import Request.
  Time since last request: 593.353778 seconds.
  path: Assets/Sprites/Level Sprites/Bargain_1.png
  artifactKey: Guid(761fe2dfdec55fd498a4894bb4cdf482) Importer(815301076,1909f56bfc062723c751e8b465ee728b)
Start importing Assets/Sprites/Level Sprites/Bargain_1.png using Guid(761fe2dfdec55fd498a4894bb4cdf482) Importer(815301076,1909f56bfc062723c751e8b465ee728b)  -> (artifact id: '502294f747eb9c18662f4922ddc404ed') in 0.370576 seconds
  Import took 0.379352 seconds .

========================================================================
Received Prepare
Registering precompiled user dll's ...
Registered in 0.002615 seconds.
Begin MonoManager ReloadAssembly
Native extension for WindowsStandalone target not found
Refreshing native plugins compatible for Editor in 0.60 ms, found 1 plugins.
Preloading 0 native plugins for Editor in 0.00 ms.
Invoked RoslynAnalysisRunner static constructor.
RoslynAnalysisRunner will not be running.
RoslynAnalysisRunner has terminated.
Mono: successfully reloaded assembly
- Completed reload, in  1.278 seconds
Platform modules already initialized, skipping
Shader 'Universal Render Pipeline/Particles/Lit': fallback shader 'Universal Render Pipeline/Particles/SimpleLit' not found
Refreshing native plugins compatible for Editor in 0.78 ms, found 1 plugins.
Preloading 0 native plugins for Editor in 0.00 ms.
Unloading 2846 Unused Serialized files (Serialized files now loaded: 0)
System memory in use before: 127.3 MB.
System memory in use after: 127.5 MB.

Unloading 8 unused Assets to reduce memory usage. Loaded Objects now: 3539.
Total: 9.094100 ms (FindLiveObjects: 1.180300 ms CreateObjectMapping: 0.636500 ms MarkObjects: 7.221900 ms  DeleteObjects: 0.050900 ms)

========================================================================
Received Import Request.
  Time since last request: 20.694688 seconds.
  path: Assets/Sprites/Level Sprites/Bargain_1.png
  artifactKey: Guid(761fe2dfdec55fd498a4894bb4cdf482) Importer(815301076,1909f56bfc062723c751e8b465ee728b)
Start importing Assets/Sprites/Level Sprites/Bargain_1.png using Guid(761fe2dfdec55fd498a4894bb4cdf482) Importer(815301076,1909f56bfc062723c751e8b465ee728b)  -> (artifact id: '5cde78f4127fb442dbbec65ca47617c6') in 0.075606 seconds
  Import took 0.082016 seconds .

========================================================================
Received Import Request.
  Time since last request: 0.055100 seconds.
  path: Assets/Sprites/Level Sprites/Bargain_1.png
  artifactKey: Guid(761fe2dfdec55fd498a4894bb4cdf482) Importer(815301076,1909f56bfc062723c751e8b465ee728b)
Start importing Assets/Sprites/Level Sprites/Bargain_1.png using Guid(761fe2dfdec55fd498a4894bb4cdf482) Importer(815301076,1909f56bfc062723c751e8b465ee728b)  -> (artifact id: '5cde78f4127fb442dbbec65ca47617c6') in 0.017434 seconds
  Import took 0.025372 seconds .

========================================================================
Received Prepare
Registering precompiled user dll's ...
Registered in 0.002093 seconds.
Begin MonoManager ReloadAssembly
Native extension for WindowsStandalone target not found
Refreshing native plugins compatible for Editor in 0.64 ms, found 1 plugins.
Preloading 0 native plugins for Editor in 0.00 ms.
Invoked RoslynAnalysisRunner static constructor.
RoslynAnalysisRunner will not be running.
RoslynAnalysisRunner has terminated.
Mono: successfully reloaded assembly
- Completed reload, in  1.521 seconds
Platform modules already initialized, skipping
Shader 'Universal Render Pipeline/Particles/Lit': fallback shader 'Universal Render Pipeline/Particles/SimpleLit' not found
Refreshing native plugins compatible for Editor in 1.01 ms, found 1 plugins.
Preloading 0 native plugins for Editor in 0.00 ms.
Unloading 2846 Unused Serialized files (Serialized files now loaded: 0)
System memory in use before: 127.3 MB.
System memory in use after: 127.5 MB.

Unloading 8 unused Assets to reduce memory usage. Loaded Objects now: 3544.
Total: 4.388100 ms (FindLiveObjects: 0.701700 ms CreateObjectMapping: 0.399100 ms MarkObjects: 3.251500 ms  DeleteObjects: 0.034000 ms)

========================================================================
Received Prepare
Registering precompiled user dll's ...
Registered in 0.002722 seconds.
Begin MonoManager ReloadAssembly
Native extension for WindowsStandalone target not found
Refreshing native plugins compatible for Editor in 0.68 ms, found 1 plugins.
Preloading 0 native plugins for Editor in 0.00 ms.
Invoked RoslynAnalysisRunner static constructor.
RoslynAnalysisRunner will not be running.
RoslynAnalysisRunner has terminated.
Mono: successfully reloaded assembly
- Completed reload, in  1.371 seconds
Platform modules already initialized, skipping
Shader 'Universal Render Pipeline/Particles/Lit': fallback shader 'Universal Render Pipeline/Particles/SimpleLit' not found
Refreshing native plugins compatible for Editor in 1.90 ms, found 1 plugins.
Preloading 0 native plugins for Editor in 0.00 ms.
Unloading 2846 Unused Serialized files (Serialized files now loaded: 0)
System memory in use before: 127.3 MB.
System memory in use after: 127.5 MB.

Unloading 8 unused Assets to reduce memory usage. Loaded Objects now: 3548.
Total: 19.924800 ms (FindLiveObjects: 11.466700 ms CreateObjectMapping: 0.548100 ms MarkObjects: 7.863400 ms  DeleteObjects: 0.040600 ms)

========================================================================
Received Import Request.
  Time since last request: 35.489708 seconds.
  path: Assets/Sprites/Level Sprites/Bargain_1.png
  artifactKey: Guid(761fe2dfdec55fd498a4894bb4cdf482) Importer(815301076,1909f56bfc062723c751e8b465ee728b)
Start importing Assets/Sprites/Level Sprites/Bargain_1.png using Guid(761fe2dfdec55fd498a4894bb4cdf482) Importer(815301076,1909f56bfc062723c751e8b465ee728b)  -> (artifact id: '6586c822d6847f021948d5989d513ab0') in 0.075942 seconds
  Import took 0.083269 seconds .

========================================================================
Received Import Request.
  Time since last request: 0.053779 seconds.
  path: Assets/Sprites/Level Sprites/Bargain_1.png
  artifactKey: Guid(761fe2dfdec55fd498a4894bb4cdf482) Importer(815301076,1909f56bfc062723c751e8b465ee728b)
Start importing Assets/Sprites/Level Sprites/Bargain_1.png using Guid(761fe2dfdec55fd498a4894bb4cdf482) Importer(815301076,1909f56bfc062723c751e8b465ee728b)  -> (artifact id: '6586c822d6847f021948d5989d513ab0') in 0.016096 seconds
  Import took 0.025373 seconds .

========================================================================
Received Prepare
Registering precompiled user dll's ...
Registered in 0.002140 seconds.
Begin MonoManager ReloadAssembly
Native extension for WindowsStandalone target not found
Refreshing native plugins compatible for Editor in 0.63 ms, found 1 plugins.
Preloading 0 native plugins for Editor in 0.00 ms.
Invoked RoslynAnalysisRunner static constructor.
RoslynAnalysisRunner will not be running.
RoslynAnalysisRunner has terminated.
Mono: successfully reloaded assembly
- Completed reload, in  1.501 seconds
Platform modules already initialized, skipping
Shader 'Universal Render Pipeline/Particles/Lit': fallback shader 'Universal Render Pipeline/Particles/SimpleLit' not found
Refreshing native plugins compatible for Editor in 1.02 ms, found 1 plugins.
Preloading 0 native plugins for Editor in 0.00 ms.
Unloading 2846 Unused Serialized files (Serialized files now loaded: 0)
System memory in use before: 127.3 MB.
System memory in use after: 127.6 MB.

Unloading 8 unused Assets to reduce memory usage. Loaded Objects now: 3553.
Total: 5.162000 ms (FindLiveObjects: 0.657400 ms CreateObjectMapping: 0.336000 ms MarkObjects: 4.126000 ms  DeleteObjects: 0.040200 ms)

========================================================================
Received Prepare
Registering precompiled user dll's ...
Registered in 0.002170 seconds.
Begin MonoManager ReloadAssembly
Native extension for WindowsStandalone target not found
Refreshing native plugins compatible for Editor in 0.63 ms, found 1 plugins.
Preloading 0 native plugins for Editor in 0.00 ms.
Invoked RoslynAnalysisRunner static constructor.
RoslynAnalysisRunner will not be running.
RoslynAnalysisRunner has terminated.
Mono: successfully reloaded assembly
- Completed reload, in  1.495 seconds
Platform modules already initialized, skipping
Shader 'Universal Render Pipeline/Particles/Lit': fallback shader 'Universal Render Pipeline/Particles/SimpleLit' not found
Refreshing native plugins compatible for Editor in 1.03 ms, found 1 plugins.
Preloading 0 native plugins for Editor in 0.00 ms.
Unloading 2846 Unused Serialized files (Serialized files now loaded: 0)
System memory in use before: 127.3 MB.
System memory in use after: 127.6 MB.

Unloading 8 unused Assets to reduce memory usage. Loaded Objects now: 3557.
Total: 5.137500 ms (FindLiveObjects: 0.697800 ms CreateObjectMapping: 0.417600 ms MarkObjects: 3.973900 ms  DeleteObjects: 0.046100 ms)

========================================================================
Received Prepare
Registering precompiled user dll's ...
Registered in 0.002414 seconds.
Begin MonoManager ReloadAssembly
Native extension for WindowsStandalone target not found
Refreshing native plugins compatible for Editor in 0.64 ms, found 1 plugins.
Preloading 0 native plugins for Editor in 0.00 ms.
Invoked RoslynAnalysisRunner static constructor.
RoslynAnalysisRunner will not be running.
RoslynAnalysisRunner has terminated.
Mono: successfully reloaded assembly
- Completed reload, in  1.537 seconds
Platform modules already initialized, skipping
Shader 'Universal Render Pipeline/Particles/Lit': fallback shader 'Universal Render Pipeline/Particles/SimpleLit' not found
Refreshing native plugins compatible for Editor in 1.07 ms, found 1 plugins.
Preloading 0 native plugins for Editor in 0.00 ms.
Unloading 2846 Unused Serialized files (Serialized files now loaded: 0)
System memory in use before: 127.3 MB.
System memory in use after: 127.6 MB.

Unloading 8 unused Assets to reduce memory usage. Loaded Objects now: 3561.
Total: 4.296000 ms (FindLiveObjects: 0.420100 ms CreateObjectMapping: 0.243500 ms MarkObjects: 3.597600 ms  DeleteObjects: 0.033300 ms)

========================================================================
Received Import Request.
  Time since last request: 112.902998 seconds.
  path: Assets/Sprites/Level Sprites/Acceptance.png
  artifactKey: Guid(16efa4c3dfd010049b1c907b239e9b5f) Importer(815301076,1909f56bfc062723c751e8b465ee728b)
Start importing Assets/Sprites/Level Sprites/Acceptance.png using Guid(16efa4c3dfd010049b1c907b239e9b5f) Importer(815301076,1909f56bfc062723c751e8b465ee728b)  -> (artifact id: '0319a4e71159eb7fdcde842f266b2d63') in 0.124970 seconds
  Import took 0.133871 seconds .

========================================================================
Received Import Request.
  Time since last request: 0.000406 seconds.
  path: Assets/Sprites/Level Sprites/Depress_1.png
  artifactKey: Guid(85493e8e51b393644993cd4862dce7ff) Importer(815301076,1909f56bfc062723c751e8b465ee728b)
Start importing Assets/Sprites/Level Sprites/Depress_1.png using Guid(85493e8e51b393644993cd4862dce7ff) Importer(815301076,1909f56bfc062723c751e8b465ee728b)  -> (artifact id: '1f3fb1d74791a46c24dbc448ad565c77') in 0.041344 seconds
  Import took 0.052402 seconds .

========================================================================
Received Import Request.
  Time since last request: 0.000351 seconds.
  path: Assets/Sprites/Level Sprites/Denial_1.png
  artifactKey: Guid(eec01336a109723409419ba945bd250a) Importer(815301076,1909f56bfc062723c751e8b465ee728b)
Start importing Assets/Sprites/Level Sprites/Denial_1.png using Guid(eec01336a109723409419ba945bd250a) Importer(815301076,1909f56bfc062723c751e8b465ee728b)  -> (artifact id: 'c34ec5aa212633cb70bab933aacfbf20') in 0.035543 seconds
  Import took 0.064155 seconds .

========================================================================
Received Import Request.
  Time since last request: 0.000376 seconds.
  path: Assets/Sprites/Level Sprites/Depress_2.png
  artifactKey: Guid(f7ec6105639435b4ead231e3e1a690c0) Importer(815301076,1909f56bfc062723c751e8b465ee728b)
Start importing Assets/Sprites/Level Sprites/Depress_2.png using Guid(f7ec6105639435b4ead231e3e1a690c0) Importer(815301076,1909f56bfc062723c751e8b465ee728b)  -> (artifact id: '2fb865be28fdf8168e158072d30fc562') in 0.029946 seconds
  Import took 0.079618 seconds .

========================================================================
Received Import Request.
  Time since last request: 0.000345 seconds.
  path: Assets/Sprites/Level Sprites/Acceptance 1.png
  artifactKey: Guid(5797586825cee454bae7d109bb96ecaa) Importer(815301076,1909f56bfc062723c751e8b465ee728b)
Start importing Assets/Sprites/Level Sprites/Acceptance 1.png using Guid(5797586825cee454bae7d109bb96ecaa) Importer(815301076,1909f56bfc062723c751e8b465ee728b)  -> (artifact id: '95d5cc82e7c32fc96de218c25af90974') in 0.041490 seconds
  Import took 0.060923 seconds .

========================================================================
Received Import Request.
  Time since last request: 0.000314 seconds.
  path: Assets/Sprites/GraveBackFade.png
  artifactKey: Guid(006c8bf1e4bdde04181370c09732f93a) Importer(815301076,1909f56bfc062723c751e8b465ee728b)
Start importing Assets/Sprites/GraveBackFade.png using Guid(006c8bf1e4bdde04181370c09732f93a) Importer(815301076,1909f56bfc062723c751e8b465ee728b)  -> (artifact id: '683b9b8b67a5b7c2021bd7344d05f442') in 0.130737 seconds
  Import took 0.146431 seconds .

========================================================================
Received Import Request.
  Time since last request: 0.000308 seconds.
  path: Assets/Sprites/GraveBackEdge.png
  artifactKey: Guid(239e535059d0e2b4fa7233f2a6a371e1) Importer(815301076,1909f56bfc062723c751e8b465ee728b)
Start importing Assets/Sprites/GraveBackEdge.png using Guid(239e535059d0e2b4fa7233f2a6a371e1) Importer(815301076,1909f56bfc062723c751e8b465ee728b)  -> (artifact id: '27ed9fac7b627536079b44f3de481cfc') in 0.056048 seconds
  Import took 0.068363 seconds .

========================================================================
Received Import Request.
  Time since last request: 0.000092 seconds.
  path: Assets/Sprites/Eve/EveHairFront.png
  artifactKey: Guid(ddbdf659f1099134894bffbfec677b4a) Importer(815301076,1909f56bfc062723c751e8b465ee728b)
Start importing Assets/Sprites/Eve/EveHairFront.png using Guid(ddbdf659f1099134894bffbfec677b4a) Importer(815301076,1909f56bfc062723c751e8b465ee728b)  -> (artifact id: 'a975c1ad5fbb1b334f7ffde75e2cb15f') in 0.032681 seconds
  Import took 0.042127 seconds .

========================================================================
Received Import Request.
  Time since last request: 0.000347 seconds.
  path: Assets/Sprites/Level Sprites/Anger_3.png
  artifactKey: Guid(c50e429b15670224dbefcbdb3118bb79) Importer(815301076,1909f56bfc062723c751e8b465ee728b)
Start importing Assets/Sprites/Level Sprites/Anger_3.png using Guid(c50e429b15670224dbefcbdb3118bb79) Importer(815301076,1909f56bfc062723c751e8b465ee728b)  -> (artifact id: '407e81a8b34ba84dffd6eaeeea0f7416') in 0.026312 seconds
  Import took 0.037098 seconds .

========================================================================
Received Import Request.
  Time since last request: 0.000333 seconds.
  path: Assets/Sprites/Level Sprites/Depress_3.png
  artifactKey: Guid(974330183309aa242bf031bda82efd0c) Importer(815301076,1909f56bfc062723c751e8b465ee728b)
Start importing Assets/Sprites/Level Sprites/Depress_3.png using Guid(974330183309aa242bf031bda82efd0c) Importer(815301076,1909f56bfc062723c751e8b465ee728b)  -> (artifact id: '0ce63ddbe7a9b5240e47d59ba8dedaf5') in 0.031542 seconds
  Import took 0.051081 seconds .

========================================================================
Received Import Request.
  Time since last request: 0.000328 seconds.
  path: Assets/Sprites/Level Sprites/Denial_2.png
  artifactKey: Guid(1f3e1d0d96b3c4c448b4a8bb406b1e25) Importer(815301076,1909f56bfc062723c751e8b465ee728b)
Start importing Assets/Sprites/Level Sprites/Denial_2.png using Guid(1f3e1d0d96b3c4c448b4a8bb406b1e25) Importer(815301076,1909f56bfc062723c751e8b465ee728b)  -> (artifact id: '50f3f10e2f930b08a09f5a1d3df7ebc7') in 0.032259 seconds
  Import took 0.041047 seconds .

========================================================================
Received Import Request.
  Time since last request: 0.000296 seconds.
  path: Assets/Sprites/Level Sprites/Acceptance.png
  artifactKey: Guid(16efa4c3dfd010049b1c907b239e9b5f) Importer(815301076,1909f56bfc062723c751e8b465ee728b)
Start importing Assets/Sprites/Level Sprites/Acceptance.png using Guid(16efa4c3dfd010049b1c907b239e9b5f) Importer(815301076,1909f56bfc062723c751e8b465ee728b)  -> (artifact id: '0319a4e71159eb7fdcde842f266b2d63') in 0.024155 seconds
  Import took 0.031972 seconds .

========================================================================
Received Import Request.
  Time since last request: 0.000432 seconds.
  path: Assets/Sprites/Level Sprites/Bargain_3.png
  artifactKey: Guid(8d6c7bdb404ab6949a980814183773dc) Importer(815301076,1909f56bfc062723c751e8b465ee728b)
Start importing Assets/Sprites/Level Sprites/Bargain_3.png using Guid(8d6c7bdb404ab6949a980814183773dc) Importer(815301076,1909f56bfc062723c751e8b465ee728b)  -> (artifact id: '3e8700c5e1f2add2e73e3477f2ad9ed8') in 0.031619 seconds
  Import took 0.047912 seconds .

========================================================================
Received Import Request.
  Time since last request: 0.000299 seconds.
  path: Assets/Sprites/Level Sprites/Anger_2.png
  artifactKey: Guid(24d7350dbff122047b83861ffd3ad88d) Importer(815301076,1909f56bfc062723c751e8b465ee728b)
Start importing Assets/Sprites/Level Sprites/Anger_2.png using Guid(24d7350dbff122047b83861ffd3ad88d) Importer(815301076,1909f56bfc062723c751e8b465ee728b)  -> (artifact id: '7fd7c69aa550aec75acd597fc88d407a') in 0.027089 seconds
  Import took 0.035910 seconds .

========================================================================
Received Import Request.
  Time since last request: 0.000286 seconds.
  path: Assets/Sprites/Level Sprites/Bargain_2.png
  artifactKey: Guid(c011fee6891ce9646932314269358f4d) Importer(815301076,1909f56bfc062723c751e8b465ee728b)
Start importing Assets/Sprites/Level Sprites/Bargain_2.png using Guid(c011fee6891ce9646932314269358f4d) Importer(815301076,1909f56bfc062723c751e8b465ee728b)  -> (artifact id: 'e9dffdaab434fbe0fdde2d056cefbbae') in 0.030611 seconds
  Import took 0.053083 seconds .

========================================================================
Received Import Request.
  Time since last request: 0.000900 seconds.
  path: Assets/Sprites/Level Sprites/Denial_3.png
  artifactKey: Guid(b38054b413cee4d47865c56f66f374c1) Importer(815301076,1909f56bfc062723c751e8b465ee728b)
Start importing Assets/Sprites/Level Sprites/Denial_3.png using Guid(b38054b413cee4d47865c56f66f374c1) Importer(815301076,1909f56bfc062723c751e8b465ee728b)  -> (artifact id: '789356378c93fd567101636f8da8df26') in 0.035815 seconds
  Import took 0.051156 seconds .

========================================================================
Received Import Request.
  Time since last request: 0.000279 seconds.
  path: Assets/Sprites/Level Sprites/Anger_1.png
  artifactKey: Guid(95862c7ec4c78ed43b2c71574a047f57) Importer(815301076,1909f56bfc062723c751e8b465ee728b)
Start importing Assets/Sprites/Level Sprites/Anger_1.png using Guid(95862c7ec4c78ed43b2c71574a047f57) Importer(815301076,1909f56bfc062723c751e8b465ee728b)  -> (artifact id: '5656e35bef098f96606093c8453a3c1e') in 0.028971 seconds
  Import took 0.040128 seconds .

========================================================================
Received Import Request.
  Time since last request: 0.000321 seconds.
  path: Assets/Sprites/Level Sprites/Denial_3.png
  artifactKey: Guid(b38054b413cee4d47865c56f66f374c1) Importer(815301076,1909f56bfc062723c751e8b465ee728b)
Start importing Assets/Sprites/Level Sprites/Denial_3.png using Guid(b38054b413cee4d47865c56f66f374c1) Importer(815301076,1909f56bfc062723c751e8b465ee728b)  -> (artifact id: '789356378c93fd567101636f8da8df26') in 0.019867 seconds
  Import took 0.029992 seconds .

========================================================================
Received Prepare
Registering precompiled user dll's ...
Registered in 0.002138 seconds.
Begin MonoManager ReloadAssembly
Native extension for WindowsStandalone target not found
Refreshing native plugins compatible for Editor in 0.59 ms, found 1 plugins.
Preloading 0 native plugins for Editor in 0.00 ms.
Invoked RoslynAnalysisRunner static constructor.
RoslynAnalysisRunner will not be running.
RoslynAnalysisRunner has terminated.
Mono: successfully reloaded assembly
- Completed reload, in  1.486 seconds
Platform modules already initialized, skipping
Shader 'Universal Render Pipeline/Particles/Lit': fallback shader 'Universal Render Pipeline/Particles/SimpleLit' not found
Refreshing native plugins compatible for Editor in 1.01 ms, found 1 plugins.
Preloading 0 native plugins for Editor in 0.00 ms.
Unloading 2846 Unused Serialized files (Serialized files now loaded: 0)
System memory in use before: 127.4 MB.
System memory in use after: 127.6 MB.

Unloading 8 unused Assets to reduce memory usage. Loaded Objects now: 3570.
Total: 5.238500 ms (FindLiveObjects: 0.561600 ms CreateObjectMapping: 0.356800 ms MarkObjects: 4.288200 ms  DeleteObjects: 0.030000 ms)

========================================================================
Received Prepare
Registering precompiled user dll's ...
Registered in 0.040893 seconds.
Begin MonoManager ReloadAssembly
Native extension for WindowsStandalone target not found
Refreshing native plugins compatible for Editor in 0.64 ms, found 1 plugins.
Preloading 0 native plugins for Editor in 0.00 ms.
Invoked RoslynAnalysisRunner static constructor.
RoslynAnalysisRunner will not be running.
RoslynAnalysisRunner has terminated.
Mono: successfully reloaded assembly
- Completed reload, in  2.690 seconds
Platform modules already initialized, skipping
Shader 'Universal Render Pipeline/Particles/Lit': fallback shader 'Universal Render Pipeline/Particles/SimpleLit' not found
Refreshing native plugins compatible for Editor in 0.99 ms, found 1 plugins.
Preloading 0 native plugins for Editor in 0.00 ms.
Unloading 2846 Unused Serialized files (Serialized files now loaded: 0)
System memory in use before: 127.4 MB.
System memory in use after: 127.6 MB.

Unloading 8 unused Assets to reduce memory usage. Loaded Objects now: 3574.
Total: 4.665600 ms (FindLiveObjects: 0.420200 ms CreateObjectMapping: 0.414900 ms MarkObjects: 3.797300 ms  DeleteObjects: 0.031000 ms)

========================================================================
Received Import Request.
  Time since last request: 1088.935270 seconds.
  path: Assets/Prefabs/Way.prefab
  artifactKey: Guid(9024e68c8e2bf0f419fbbb122cf49610) Importer(815301076,1909f56bfc062723c751e8b465ee728b)
Start importing Assets/Prefabs/Way.prefab using Guid(9024e68c8e2bf0f419fbbb122cf49610) Importer(815301076,1909f56bfc062723c751e8b465ee728b)  -> (artifact id: 'c856018bcd6557ab28899888dda0f93e') in 1.045390 seconds
  Import took 1.137694 seconds .

========================================================================
Received Import Request.
  Time since last request: 4.625610 seconds.
  path: Assets/Prefabs/Denial.prefab
  artifactKey: Guid(839824dec71e0e845b7ad762b93bb69f) Importer(815301076,1909f56bfc062723c751e8b465ee728b)
Start importing Assets/Prefabs/Denial.prefab using Guid(839824dec71e0e845b7ad762b93bb69f) Importer(815301076,1909f56bfc062723c751e8b465ee728b)  -> (artifact id: 'ddd654e7e37e8b7cc80c723dc52a4371') in 0.301408 seconds
  Import took 0.329433 seconds .

========================================================================
Received Import Request.
  Time since last request: 70.263949 seconds.
  path: Assets/Prefabs
  artifactKey: Guid(9df5e42b13510ce4eb60781caa76fdca) Importer(815301076,1909f56bfc062723c751e8b465ee728b)
Start importing Assets/Prefabs using Guid(9df5e42b13510ce4eb60781caa76fdca) Importer(815301076,1909f56bfc062723c751e8b465ee728b)  -> (artifact id: 'eba115974da5a50249c17ea28043bf4f') in 0.048669 seconds
  Import took 0.057419 seconds .

========================================================================
Received Import Request.
  Time since last request: 6.953762 seconds.
  path: Assets/Scenes/Anger_Scene.unity
  artifactKey: Guid(6d30c97e314ee5244a8af556189c5cc6) Importer(815301076,1909f56bfc062723c751e8b465ee728b)
Start importing Assets/Scenes/Anger_Scene.unity using Guid(6d30c97e314ee5244a8af556189c5cc6) Importer(815301076,1909f56bfc062723c751e8b465ee728b)  -> (artifact id: '8444d1141fa3006004b272e05f34d93c') in 0.022293 seconds
  Import took 0.030665 seconds .

========================================================================
Received Import Request.
  Time since last request: 0.327425 seconds.
  path: Assets/Scenes/ArtTest.unity
  artifactKey: Guid(896bb5fd85173bd4891f01b7b614bec5) Importer(815301076,1909f56bfc062723c751e8b465ee728b)
Start importing Assets/Scenes/ArtTest.unity using Guid(896bb5fd85173bd4891f01b7b614bec5) Importer(815301076,1909f56bfc062723c751e8b465ee728b)  -> (artifact id: '84f478941cb364e2ed7119dc7f34c982') in 0.012924 seconds
  Import took 0.026354 seconds .

========================================================================
Received Import Request.
  Time since last request: 0.645048 seconds.
  path: Assets/Scenes/GraveScene.unity
  artifactKey: Guid(5684d98f8daef874fb71cf129f176cfd) Importer(815301076,1909f56bfc062723c751e8b465ee728b)
Start importing Assets/Scenes/GraveScene.unity using Guid(5684d98f8daef874fb71cf129f176cfd) Importer(815301076,1909f56bfc062723c751e8b465ee728b)  -> (artifact id: '67605fdc460f8c2ee44d3108fad0e496') in 0.007660 seconds
  Import took 0.033414 seconds .

========================================================================
Received Import Request.
  Time since last request: 1.084933 seconds.
  path: Assets/Scenes/GraveScene 1.unity
  artifactKey: Guid(8df64beeaac4e12439fd5261d74f771e) Importer(815301076,1909f56bfc062723c751e8b465ee728b)
Start importing Assets/Scenes/GraveScene 1.unity using Guid(8df64beeaac4e12439fd5261d74f771e) Importer(815301076,1909f56bfc062723c751e8b465ee728b)  -> (artifact id: '363b8245e95a501ba20105e9ae69d4d2') in 0.024404 seconds
  Import took 0.042975 seconds .

========================================================================
Received Prepare
Registering precompiled user dll's ...
Registered in 0.003294 seconds.
Begin MonoManager ReloadAssembly
Native extension for WindowsStandalone target not found
Refreshing native plugins compatible for Editor in 1.07 ms, found 1 plugins.
Preloading 0 native plugins for Editor in 0.00 ms.
Invoked RoslynAnalysisRunner static constructor.
RoslynAnalysisRunner will not be running.
RoslynAnalysisRunner has terminated.
Mono: successfully reloaded assembly
- Completed reload, in  1.805 seconds
Platform modules already initialized, skipping
Shader 'Universal Render Pipeline/Particles/Lit': fallback shader 'Universal Render Pipeline/Particles/SimpleLit' not found
Refreshing native plugins compatible for Editor in 0.66 ms, found 1 plugins.
Preloading 0 native plugins for Editor in 0.00 ms.
Unloading 2845 Unused Serialized files (Serialized files now loaded: 0)
System memory in use before: 129.6 MB.
System memory in use after: 129.9 MB.

Unloading 9 unused Assets to reduce memory usage. Loaded Objects now: 3621.
Total: 4.517700 ms (FindLiveObjects: 0.612000 ms CreateObjectMapping: 0.329000 ms MarkObjects: 3.539500 ms  DeleteObjects: 0.035300 ms)

